This is pdfTeX, Version 3.141592653-2.6-1.40.22 (TeX Live 2021) (preloaded format=pdflatex 2021.10.12)  1 NOV 2021 17:12
entering extended mode
 restricted \write18 enabled.
 file:line:error style messages enabled.
 %&-line parsing enabled.
**"/Users/marchelinefannihp/Documents/GitHub/Tugas-Besar-1/Laporan Tugas Besar Kelompok 11 KU1102-21/laporan tubes kelompok 11.tex"
(/Users/marchelinefannihp/Documents/GitHub/Tugas-Besar-1/Laporan Tugas Besar Kelompok 11 KU1102-21/laporan tubes kelompok 11.tex
LaTeX2e <2020-10-01> patch level 4
L3 programming layer <2021-02-18> (/Users/marchelinefannihp/Documents/GitHub/Tugas-Besar-1/Laporan Tugas Besar Kelompok 11 KU1102-21/IEEEtran.cls
Document Class: IEEEtran 2015/08/26 V1.8b by Michael Shell
-- See the "IEEEtran_HOWTO" manual for usage information.
-- http://www.michaelshell.org/tex/ieeetran/
\@IEEEtrantmpdimenA=\dimen138
\@IEEEtrantmpdimenB=\dimen139
\@IEEEtrantmpdimenC=\dimen140
\@IEEEtrantmpcountA=\count179
\@IEEEtrantmpcountB=\count180
\@IEEEtrantmpcountC=\count181
\@IEEEtrantmptoksA=\toks15
LaTeX Font Info:    Trying to load font information for OT1+ptm on input line 503.
(/usr/local/texlive/2021/texmf-dist/tex/latex/psnfss/ot1ptm.fd
File: ot1ptm.fd 2001/06/04 font definitions for OT1/ptm.
)
-- Using 8.5in x 11in (letter) paper.
-- Using PDF output.
\@IEEEnormalsizeunitybaselineskip=\dimen141
-- This is a 10 point document.
\CLASSINFOnormalsizebaselineskip=\dimen142
\CLASSINFOnormalsizeunitybaselineskip=\dimen143
\IEEEnormaljot=\dimen144
LaTeX Font Info:    Font shape `OT1/ptm/bx/n' in size <5> not available
(Font)              Font shape `OT1/ptm/b/n' tried instead on input line 1090.
LaTeX Font Info:    Font shape `OT1/ptm/bx/it' in size <5> not available
(Font)              Font shape `OT1/ptm/b/it' tried instead on input line 1090.
LaTeX Font Info:    Font shape `OT1/ptm/bx/n' in size <7> not available
(Font)              Font shape `OT1/ptm/b/n' tried instead on input line 1090.
LaTeX Font Info:    Font shape `OT1/ptm/bx/it' in size <7> not available
(Font)              Font shape `OT1/ptm/b/it' tried instead on input line 1090.
LaTeX Font Info:    Font shape `OT1/ptm/bx/n' in size <8> not available
(Font)              Font shape `OT1/ptm/b/n' tried instead on input line 1090.
LaTeX Font Info:    Font shape `OT1/ptm/bx/it' in size <8> not available
(Font)              Font shape `OT1/ptm/b/it' tried instead on input line 1090.
LaTeX Font Info:    Font shape `OT1/ptm/bx/n' in size <9> not available
(Font)              Font shape `OT1/ptm/b/n' tried instead on input line 1090.
LaTeX Font Info:    Font shape `OT1/ptm/bx/it' in size <9> not available
(Font)              Font shape `OT1/ptm/b/it' tried instead on input line 1090.
LaTeX Font Info:    Font shape `OT1/ptm/bx/n' in size <10> not available
(Font)              Font shape `OT1/ptm/b/n' tried instead on input line 1090.
LaTeX Font Info:    Font shape `OT1/ptm/bx/it' in size <10> not available
(Font)              Font shape `OT1/ptm/b/it' tried instead on input line 1090.
LaTeX Font Info:    Font shape `OT1/ptm/bx/n' in size <11> not available
(Font)              Font shape `OT1/ptm/b/n' tried instead on input line 1090.
LaTeX Font Info:    Font shape `OT1/ptm/bx/it' in size <11> not available
(Font)              Font shape `OT1/ptm/b/it' tried instead on input line 1090.
LaTeX Font Info:    Font shape `OT1/ptm/bx/n' in size <12> not available
(Font)              Font shape `OT1/ptm/b/n' tried instead on input line 1090.
LaTeX Font Info:    Font shape `OT1/ptm/bx/it' in size <12> not available
(Font)              Font shape `OT1/ptm/b/it' tried instead on input line 1090.
LaTeX Font Info:    Font shape `OT1/ptm/bx/n' in size <17> not available
(Font)              Font shape `OT1/ptm/b/n' tried instead on input line 1090.
LaTeX Font Info:    Font shape `OT1/ptm/bx/it' in size <17> not available
(Font)              Font shape `OT1/ptm/b/it' tried instead on input line 1090.
LaTeX Font Info:    Font shape `OT1/ptm/bx/n' in size <20> not available
(Font)              Font shape `OT1/ptm/b/n' tried instead on input line 1090.
LaTeX Font Info:    Font shape `OT1/ptm/bx/it' in size <20> not available
(Font)              Font shape `OT1/ptm/b/it' tried instead on input line 1090.
LaTeX Font Info:    Font shape `OT1/ptm/bx/n' in size <24> not available
(Font)              Font shape `OT1/ptm/b/n' tried instead on input line 1090.
LaTeX Font Info:    Font shape `OT1/ptm/bx/it' in size <24> not available
(Font)              Font shape `OT1/ptm/b/it' tried instead on input line 1090.
\IEEEquantizedlength=\dimen145
\IEEEquantizedlengthdiff=\dimen146
\IEEEquantizedtextheightdiff=\dimen147
\IEEEilabelindentA=\dimen148
\IEEEilabelindentB=\dimen149
\IEEEilabelindent=\dimen150
\IEEEelabelindent=\dimen151
\IEEEdlabelindent=\dimen152
\IEEElabelindent=\dimen153
\IEEEiednormlabelsep=\dimen154
\IEEEiedmathlabelsep=\dimen155
\IEEEiedtopsep=\skip47
\c@section=\count182
\c@subsection=\count183
\c@subsubsection=\count184
\c@paragraph=\count185
\c@IEEEsubequation=\count186
\abovecaptionskip=\skip48
\belowcaptionskip=\skip49
\c@figure=\count187
\c@table=\count188
\@IEEEeqnnumcols=\count189
\@IEEEeqncolcnt=\count190
\@IEEEsubeqnnumrollback=\count191
\@IEEEquantizeheightA=\dimen156
\@IEEEquantizeheightB=\dimen157
\@IEEEquantizeheightC=\dimen158
\@IEEEquantizeprevdepth=\dimen159
\@IEEEquantizemultiple=\count192
\@IEEEquantizeboxA=\box47
\@IEEEtmpitemindent=\dimen160
\IEEEPARstartletwidth=\dimen161
\c@IEEEbiography=\count193
\@IEEEtranrubishbin=\box48
)
** ATTENTION: Overriding command lockouts (line 2).
(/usr/local/texlive/2021/texmf-dist/tex/latex/cite/cite.sty
LaTeX Info: Redefining \cite on input line 302.
LaTeX Info: Redefining \nocite on input line 332.
Package: cite 2015/02/27  v 5.5
) (/usr/local/texlive/2021/texmf-dist/tex/latex/amsmath/amsmath.sty
Package: amsmath 2020/09/23 v2.17i AMS math features
\@mathmargin=\skip50

For additional information on amsmath, use the `?' option.
(/usr/local/texlive/2021/texmf-dist/tex/latex/amsmath/amstext.sty
Package: amstext 2000/06/29 v2.01 AMS text
 (/usr/local/texlive/2021/texmf-dist/tex/latex/amsmath/amsgen.sty
File: amsgen.sty 1999/11/30 v2.0 generic functions
\@emptytoks=\toks16
\ex@=\dimen162
)) (/usr/local/texlive/2021/texmf-dist/tex/latex/amsmath/amsbsy.sty
Package: amsbsy 1999/11/29 v1.2d Bold Symbols
\pmbraise@=\dimen163
) (/usr/local/texlive/2021/texmf-dist/tex/latex/amsmath/amsopn.sty
Package: amsopn 2016/03/08 v2.02 operator names
)
\inf@bad=\count194
LaTeX Info: Redefining \frac on input line 234.
\uproot@=\count195
\leftroot@=\count196
LaTeX Info: Redefining \overline on input line 399.
\classnum@=\count197
\DOTSCASE@=\count198
LaTeX Info: Redefining \ldots on input line 496.
LaTeX Info: Redefining \dots on input line 499.
LaTeX Info: Redefining \cdots on input line 620.
\Mathstrutbox@=\box49
\strutbox@=\box50
\big@size=\dimen164
LaTeX Font Info:    Redeclaring font encoding OML on input line 743.
LaTeX Font Info:    Redeclaring font encoding OMS on input line 744.
\macc@depth=\count199
\c@MaxMatrixCols=\count266
\dotsspace@=\muskip16
\c@parentequation=\count267
\dspbrk@lvl=\count268
\tag@help=\toks17
\row@=\count269
\column@=\count270
\maxfields@=\count271
\andhelp@=\toks18
\eqnshift@=\dimen165
\alignsep@=\dimen166
\tagshift@=\dimen167
\tagwidth@=\dimen168
\totwidth@=\dimen169
\lineht@=\dimen170
\@envbody=\toks19
\multlinegap=\skip51
\multlinetaggap=\skip52
\mathdisplay@stack=\toks20
LaTeX Info: Redefining \[ on input line 2923.
LaTeX Info: Redefining \] on input line 2924.
) (/usr/local/texlive/2021/texmf-dist/tex/latex/amsfonts/amssymb.sty
Package: amssymb 2013/01/14 v3.01 AMS font symbols
 (/usr/local/texlive/2021/texmf-dist/tex/latex/amsfonts/amsfonts.sty
Package: amsfonts 2013/01/14 v3.01 Basic AMSFonts support
\symAMSa=\mathgroup4
\symAMSb=\mathgroup5
LaTeX Font Info:    Redeclaring math symbol \hbar on input line 98.
LaTeX Font Info:    Overwriting math alphabet `\mathfrak' in version `bold'
(Font)                  U/euf/m/n --> U/euf/b/n on input line 106.
)) (/usr/local/texlive/2021/texmf-dist/tex/latex/algorithms/algorithmic.sty
Package: algorithmic 2009/08/24 v0.1 Document Style `algorithmic'
 (/usr/local/texlive/2021/texmf-dist/tex/latex/base/ifthen.sty
Package: ifthen 2014/09/29 v1.1c Standard LaTeX ifthen package (DPC)
) (/usr/local/texlive/2021/texmf-dist/tex/latex/graphics/keyval.sty
Package: keyval 2014/10/28 v1.15 key=value parser (DPC)
\KV@toks@=\toks21
)
\c@ALC@unique=\count272
\c@ALC@line=\count273
\c@ALC@rem=\count274
\c@ALC@depth=\count275
\ALC@tlm=\skip53
\algorithmicindent=\skip54
) (/usr/local/texlive/2021/texmf-dist/tex/latex/graphics/graphicx.sty
Package: graphicx 2020/09/09 v1.2b Enhanced LaTeX Graphics (DPC,SPQR)
 (/usr/local/texlive/2021/texmf-dist/tex/latex/graphics/graphics.sty
Package: graphics 2020/08/30 v1.4c Standard LaTeX Graphics (DPC,SPQR)
 (/usr/local/texlive/2021/texmf-dist/tex/latex/graphics/trig.sty
Package: trig 2016/01/03 v1.10 sin cos tan (DPC)
) (/usr/local/texlive/2021/texmf-dist/tex/latex/graphics-cfg/graphics.cfg
File: graphics.cfg 2016/06/04 v1.11 sample graphics configuration
)
Package graphics Info: Driver file: pdftex.def on input line 105.
 (/usr/local/texlive/2021/texmf-dist/tex/latex/graphics-def/pdftex.def
File: pdftex.def 2020/10/05 v1.2a Graphics/color driver for pdftex
))
\Gin@req@height=\dimen171
\Gin@req@width=\dimen172
) (/usr/local/texlive/2021/texmf-dist/tex/latex/base/textcomp.sty
Package: textcomp 2020/02/02 v2.0n Standard LaTeX package
) (/usr/local/texlive/2021/texmf-dist/tex/latex/xcolor/xcolor.sty
Package: xcolor 2016/05/11 v2.12 LaTeX color extensions (UK)
 (/usr/local/texlive/2021/texmf-dist/tex/latex/graphics-cfg/color.cfg
File: color.cfg 2016/01/02 v1.6 sample color configuration
)
Package xcolor Info: Driver file: pdftex.def on input line 225.
Package xcolor Info: Model `cmy' substituted by `cmy0' on input line 1348.
Package xcolor Info: Model `hsb' substituted by `rgb' on input line 1352.
Package xcolor Info: Model `RGB' extended on input line 1364.
Package xcolor Info: Model `HTML' substituted by `rgb' on input line 1366.
Package xcolor Info: Model `Hsb' substituted by `hsb' on input line 1367.
Package xcolor Info: Model `tHsb' substituted by `hsb' on input line 1368.
Package xcolor Info: Model `HSB' substituted by `hsb' on input line 1369.
Package xcolor Info: Model `Gray' substituted by `gray' on input line 1370.
Package xcolor Info: Model `wave' substituted by `hsb' on input line 1371.
) (/usr/local/texlive/2021/texmf-dist/tex/latex/l3backend/l3backend-pdftex.def
File: l3backend-pdftex.def 2021-03-18 L3 backend support: PDF output (pdfTeX)
\l__color_backend_stack_int=\count276
\l__pdf_internal_box=\box51
) (/Users/marchelinefannihp/Documents/GitHub/Tugas-Besar-1/Laporan Tugas Besar Kelompok 11 KU1102-21/laporan tubes kelompok 11.aux)
\openout1 = `"laporan tubes kelompok 11.aux"'.

LaTeX Font Info:    Checking defaults for OML/cmm/m/it on input line 13.
LaTeX Font Info:    ... okay on input line 13.
LaTeX Font Info:    Checking defaults for OMS/cmsy/m/n on input line 13.
LaTeX Font Info:    ... okay on input line 13.
LaTeX Font Info:    Checking defaults for OT1/cmr/m/n on input line 13.
LaTeX Font Info:    ... okay on input line 13.
LaTeX Font Info:    Checking defaults for T1/cmr/m/n on input line 13.
LaTeX Font Info:    ... okay on input line 13.
LaTeX Font Info:    Checking defaults for TS1/cmr/m/n on input line 13.
LaTeX Font Info:    ... okay on input line 13.
LaTeX Font Info:    Checking defaults for OMX/cmex/m/n on input line 13.
LaTeX Font Info:    ... okay on input line 13.
LaTeX Font Info:    Checking defaults for U/cmr/m/n on input line 13.
LaTeX Font Info:    ... okay on input line 13.

-- Lines per column: 56 (exact).
(/usr/local/texlive/2021/texmf-dist/tex/context/base/mkii/supp-pdf.mkii
[Loading MPS to PDF converter (version 2006.09.02).]
\scratchcounter=\count277
\scratchdimen=\dimen173
\scratchbox=\box52
\nofMPsegments=\count278
\nofMParguments=\count279
\everyMPshowfont=\toks22
\MPscratchCnt=\count280
\MPscratchDim=\dimen174
\MPnumerator=\count281
\makeMPintoPDFobject=\count282
\everyMPtoPDFconversion=\toks23
) (/usr/local/texlive/2021/texmf-dist/tex/latex/epstopdf-pkg/epstopdf-base.sty
Package: epstopdf-base 2020-01-24 v2.11 Base part for package epstopdf
Package epstopdf-base Info: Redefining graphics rule for `.eps' on input line 485.
 (/usr/local/texlive/2021/texmf-dist/tex/latex/latexconfig/epstopdf-sys.cfg
File: epstopdf-sys.cfg 2010/07/13 v1.3 Configuration of (r)epstopdf for TeX Live
))
LaTeX Font Info:    Calculating math sizes for size <11> on input line 25.
LaTeX Font Info:    Trying to load font information for U+msa on input line 25.
 (/usr/local/texlive/2021/texmf-dist/tex/latex/amsfonts/umsa.fd
File: umsa.fd 2013/01/14 v3.01 AMS symbols A
)
LaTeX Font Info:    Trying to load font information for U+msb on input line 25.
 (/usr/local/texlive/2021/texmf-dist/tex/latex/amsfonts/umsb.fd
File: umsb.fd 2013/01/14 v3.01 AMS symbols B
)
Underfull \hbox (badness 2818) in paragraph at lines 81--85
[]\OT1/ptm/m/n/10 Reheat adalah salah satu mode mi-crowave un-tuk
 []


Underfull \hbox (badness 2318) in paragraph at lines 81--85
\OT1/ptm/m/n/10 melakukan pe-m-anasan atau peng-hangatan makanan
 []

[1{/usr/local/texlive/2021/texmf-var/fonts/map/pdftex/updmap/pdftex.map}


]
<dekomposisi.png, id=10, 546.624pt x 374.709pt>
File: dekomposisi.png Graphic file (type png)
<use dekomposisi.png>
Package pdftex.def Info: dekomposisi.png  used on input line 96.
(pdftex.def)             Requested size: 245.97853pt x 168.6175pt.
 [2 </Users/marchelinefannihp/Documents/GitHub/Tugas-Besar-1/Laporan Tugas Besar Kelompok 11 KU1102-21/dekomposisi.png>]
<Time.png, id=15, 297.11pt x 663.47874pt>
File: Time.png Graphic file (type png)
<use Time.png>
Package pdftex.def Info: Time.png  used on input line 162.
(pdftex.def)             Requested size: 133.69826pt x 298.56267pt.
<Clearscreen.png, id=17, 151.56625pt x 231.86626pt>
File: Clearscreen.png Graphic file (type png)
<use Clearscreen.png>
Package pdftex.def Info: Clearscreen.png  used on input line 170.
(pdftex.def)             Requested size: 53.04897pt x 81.15439pt.
<Start.png, id=18, 297.11pt x 1295.84125pt>
File: Start.png Graphic file (type png)
<use Start.png>
Package pdftex.def Info: Start.png  used on input line 178.
(pdftex.def)             Requested size: 118.84189pt x 518.32732pt.
<Kembali.png, id=19, 317.185pt x 1115.16624pt>
File: Kembali.png Graphic file (type png)
<use Kembali.png>
Package pdftex.def Info: Kembali.png  used on input line 186.
(pdftex.def)             Requested size: 142.73192pt x 501.82018pt.
<Mode.png, id=20, 397.485pt x 1787.67876pt>
File: Mode.png Graphic file (type png)
<use Mode.png>
Package pdftex.def Info: Mode.png  used on input line 194.
(pdftex.def)             Requested size: 143.09448pt x 643.56387pt.
<Manual.png, id=21, 447.6725pt x 1456.44125pt>
File: Manual.png Graphic file (type png)
<use Manual.png>
Package pdftex.def Info: Manual.png  used on input line 202.
(pdftex.def)             Requested size: 194.73596pt x 633.54683pt.
<Defrost.png, id=22, 347.2975pt x 1265.72874pt>
File: Defrost.png Graphic file (type png)
<use Defrost.png>
Package pdftex.def Info: Defrost.png  used on input line 210.
(pdftex.def)             Requested size: 151.07318pt x 550.58757pt.
<AutoDefrost.png, id=23, 548.0475pt x 1928.20375pt>
File: AutoDefrost.png Graphic file (type png)
<use AutoDefrost.png>
Package pdftex.def Info: AutoDefrost.png  used on input line 218.
(pdftex.def)             Requested size: 180.85623pt x 636.30922pt.
<QuickDefrost.png, id=24, 292.09125pt x 663.47874pt>
File: QuickDefrost.png Graphic file (type png)
<use QuickDefrost.png>
Package pdftex.def Info: QuickDefrost.png  used on input line 226.
(pdftex.def)             Requested size: 131.43983pt x 298.56267pt.
<PrintArray.png, id=25, 236.885pt x 543.02875pt>
File: PrintArray.png Graphic file (type png)
<use PrintArray.png>
Package pdftex.def Info: PrintArray.png  used on input line 234.
(pdftex.def)             Requested size: 106.59726pt x 244.36067pt.
<QuickAction.png, id=26, 527.9725pt x 1295.84125pt>
File: QuickAction.png Graphic file (type png)
<use QuickAction.png>
Package pdftex.def Info: QuickAction.png  used on input line 242.
(pdftex.def)             Requested size: 250.78954pt x 615.53099pt.
<Reheat.png, id=27, 458.71375pt x 1044.90375pt>
File: Reheat.png Graphic file (type png)
<use Reheat.png>
Package pdftex.def Info: Reheat.png  used on input line 250.
(pdftex.def)             Requested size: 229.35631pt x 522.45059pt.
 [3 </Users/marchelinefannihp/Documents/GitHub/Tugas-Besar-1/Laporan Tugas Besar Kelompok 11 KU1102-21/Time.png>] [4 </Users/marchelinefannihp/Documents/GitHub/Tugas-Besar-1/Laporan Tugas Besar Kelompok 11 KU1102-21/Clearscreen.png> </Users/marchelinefannihp/Documents/GitHub/Tugas-Besar-1/Laporan Tugas Besar Kelompok 11 KU1102-21/Start.png> </Users/marchelinefannihp/Documents/GitHub/Tugas-Besar-1/Laporan Tugas Besar Kelompok 11 KU1102-21/Kembali.png>] [5 </Users/marchelinefannihp/Documents/GitHub/Tugas-Besar-1/Laporan Tugas Besar Kelompok 11 KU1102-21/Mode.png> </Users/marchelinefannihp/Documents/GitHub/Tugas-Besar-1/Laporan Tugas Besar Kelompok 11 KU1102-21/Manual.png>] [6 </Users/marchelinefannihp/Documents/GitHub/Tugas-Besar-1/Laporan Tugas Besar Kelompok 11 KU1102-21/Defrost.png> </Users/marchelinefannihp/Documents/GitHub/Tugas-Besar-1/Laporan Tugas Besar Kelompok 11 KU1102-21/AutoDefrost.png>] [7 </Users/marchelinefannihp/Documents/GitHub/Tugas-Besar-1/Laporan Tugas Besar Kelompok 11 KU1102-21/QuickDefrost.png> </Users/marchelinefannihp/Documents/GitHub/Tugas-Besar-1/Laporan Tugas Besar Kelompok 11 KU1102-21/PrintArray.png> </Users/marchelinefannihp/Documents/GitHub/Tugas-Besar-1/Laporan Tugas Besar Kelompok 11 KU1102-21/QuickAction.png>] [8

 </Users/marchelinefannihp/Documents/GitHub/Tugas-Besar-1/Laporan Tugas Besar Kelompok 11 KU1102-21/Reheat.png>]
Underfull \hbox (badness 6252) in paragraph at lines 282--283
[]\OT1/ptm/m/n/8 Panduan Peng-gu-naan Sharp Mi-crowave Oven [R-651ZS]. [on-
 []


Underfull \hbox (badness 3590) in paragraph at lines 283--284
\OT1/ptm/m/n/8 able: https://docplayer.info/72080362-Oven-microwave-buku-instruksi-
 []


** Conference Paper **
Before submitting the final camera ready copy, remember to:

 1. Manually equalize the lengths of two columns on the last page
 of your paper;

 2. Ensure that any PostScript and/or PDF output post-processing
 uses only Type 1 fonts and that every step in the generation
 process uses the appropriate paper size.

[9


] (/Users/marchelinefannihp/Documents/GitHub/Tugas-Besar-1/Laporan Tugas Besar Kelompok 11 KU1102-21/laporan tubes kelompok 11.aux) ) 
Here is how much of TeX's memory you used:
 4007 strings out of 478994
 59362 string characters out of 5858183
 362139 words of memory out of 5000000
 21453 multiletter control sequences out of 15000+600000
 438735 words of font info for 106 fonts, out of 8000000 for 9000
 1141 hyphenation exceptions out of 8191
 68i,14n,74p,468b,342s stack positions out of 5000i,500n,10000p,200000b,80000s
{/usr/local/texlive/2021/texmf-dist/fonts/enc/dvips/base/8r.enc}</usr/local/texlive/2021/texmf-dist/fonts/type1/public/amsfonts/cm/cmsy7.pfb></usr/local/texlive/2021/texmf-dist/fonts/type1/public/amsfonts/cm/cmsy8.pfb></usr/local/texlive/2021/texmf-dist/fonts/type1/urw/times/utmr8a.pfb></usr/local/texlive/2021/texmf-dist/fonts/type1/urw/times/utmri8a.pfb>
Output written on "/Users/marchelinefannihp/Documents/GitHub/Tugas-Besar-1/Laporan Tugas Besar Kelompok 11 KU1102-21/laporan tubes kelompok 11.pdf" (9 pages, 590932 bytes).
PDF statistics:
 78 PDF objects out of 1000 (max. 8388607)
 36 compressed objects within 1 object stream
 0 named destinations out of 1000 (max. 500000)
 66 words of extra memory for PDF output out of 10000 (max. 10000000)

